TN:
SF:src/constants.ts
FN:4,(anonymous_0)
FNF:1
FNH:0
FNDA:0,(anonymous_0)
DA:1,0
DA:3,0
DA:4,0
DA:5,0
DA:7,0
DA:8,0
LF:6
LH:0
BRF:0
BRH:0
end_of_record
TN:
SF:src/distro-name-translations.ts
FNF:0
FNH:0
DA:1,1
LF:1
LH:1
BRF:0
BRH:0
end_of_record
TN:
SF:src/engines.ts
FN:47,(anonymous_1)
FN:53,(anonymous_2)
FN:91,(anonymous_3)
FN:124,(anonymous_4)
FN:139,(anonymous_5)
FN:166,(anonymous_6)
FN:191,(anonymous_7)
FN:243,(anonymous_8)
FN:247,(anonymous_9)
FN:268,(anonymous_10)
FN:275,(anonymous_11)
FN:279,(anonymous_12)
FN:288,(anonymous_13)
FN:293,(anonymous_14)
FN:308,(anonymous_15)
FN:316,(anonymous_16)
FN:355,(anonymous_17)
FN:372,(anonymous_18)
FN:380,(anonymous_19)
FN:386,(anonymous_20)
FN:390,(anonymous_21)
FN:406,(anonymous_22)
FN:422,(anonymous_23)
FN:425,(anonymous_24)
FN:426,(anonymous_25)
FN:441,(anonymous_26)
FN:445,(anonymous_27)
FN:474,(anonymous_28)
FN:514,(anonymous_29)
FNF:29
FNH:13
FNDA:5,(anonymous_1)
FNDA:5,(anonymous_2)
FNDA:5,(anonymous_3)
FNDA:5,(anonymous_4)
FNDA:5,(anonymous_5)
FNDA:33,(anonymous_6)
FNDA:5,(anonymous_7)
FNDA:5,(anonymous_8)
FNDA:0,(anonymous_9)
FNDA:0,(anonymous_10)
FNDA:0,(anonymous_11)
FNDA:0,(anonymous_12)
FNDA:0,(anonymous_13)
FNDA:0,(anonymous_14)
FNDA:0,(anonymous_15)
FNDA:5,(anonymous_16)
FNDA:5,(anonymous_17)
FNDA:10,(anonymous_18)
FNDA:5,(anonymous_19)
FNDA:0,(anonymous_20)
FNDA:0,(anonymous_21)
FNDA:0,(anonymous_22)
FNDA:0,(anonymous_23)
FNDA:0,(anonymous_24)
FNDA:0,(anonymous_25)
FNDA:0,(anonymous_26)
FNDA:5,(anonymous_27)
FNDA:0,(anonymous_28)
FNDA:0,(anonymous_29)
DA:1,1
DA:2,1
DA:3,1
DA:4,1
DA:5,1
DA:6,1
DA:35,1
DA:45,5
DA:48,5
DA:49,5
DA:50,5
DA:53,5
DA:55,5
DA:56,5
DA:57,5
DA:61,5
DA:69,5
DA:71,3
DA:72,3
DA:77,2
DA:78,2
DA:81,5
DA:91,5
DA:92,5
DA:101,5
DA:103,5
DA:104,0
DA:110,5
DA:111,5
DA:113,5
DA:119,5
DA:120,0
DA:124,5
DA:125,5
DA:127,5
DA:128,5
DA:129,5
DA:130,5
DA:131,5
DA:132,5
DA:136,0
DA:139,5
DA:140,5
DA:143,5
DA:145,1
DA:153,4
DA:163,5
DA:166,5
DA:167,33
DA:169,33
DA:176,5
DA:180,28
DA:181,0
DA:184,28
DA:186,0
DA:191,5
DA:192,5
DA:230,5
DA:231,5
DA:232,5
DA:233,5
DA:238,0
DA:239,0
DA:240,0
DA:243,5
DA:244,5
DA:247,5
DA:248,0
DA:249,0
DA:250,0
DA:251,0
DA:252,0
DA:255,0
DA:256,0
DA:257,0
DA:259,0
DA:260,0
DA:268,5
DA:269,0
DA:270,0
DA:272,0
DA:275,5
DA:276,0
DA:277,0
DA:278,0
DA:280,0
DA:283,0
DA:284,0
DA:288,5
DA:289,0
DA:290,0
DA:293,5
DA:294,0
DA:295,0
DA:296,0
DA:297,0
DA:299,0
DA:300,0
DA:303,0
DA:308,5
DA:309,0
DA:310,0
DA:312,0
DA:316,5
DA:317,5
DA:318,5
DA:319,0
DA:322,5
DA:324,5
DA:325,5
DA:327,5
DA:328,5
DA:329,5
DA:331,5
DA:332,5
DA:334,5
DA:338,5
DA:344,0
DA:345,0
DA:349,0
DA:352,0
DA:355,5
DA:356,5
DA:357,5
DA:358,5
DA:359,5
DA:360,5
DA:364,5
DA:369,5
DA:372,5
DA:373,10
DA:374,0
DA:375,0
DA:377,10
DA:380,5
DA:381,5
DA:382,1
DA:383,1
DA:386,5
DA:387,0
DA:388,0
DA:390,0
DA:391,0
DA:392,0
DA:393,0
DA:394,0
DA:395,0
DA:398,0
DA:400,0
DA:401,0
DA:403,0
DA:406,5
DA:407,0
DA:409,0
DA:417,0
DA:419,0
DA:421,0
DA:422,0
DA:423,0
DA:425,0
DA:426,0
DA:427,0
DA:428,0
DA:431,0
DA:433,0
DA:438,0
DA:441,5
DA:442,0
DA:445,5
DA:451,5
DA:452,5
DA:471,5
DA:474,5
DA:475,0
DA:476,0
DA:477,0
DA:480,0
DA:486,0
DA:488,0
DA:489,0
DA:490,0
DA:491,0
DA:492,0
DA:495,0
DA:496,0
DA:498,0
DA:499,0
DA:500,0
DA:502,0
DA:503,0
DA:507,0
DA:509,0
DA:510,0
DA:514,5
DA:517,0
DA:518,0
DA:520,0
DA:521,0
DA:523,0
LF:199
LH:101
BRDA:55,0,0,5
BRDA:55,0,1,5
BRDA:55,0,2,5
BRDA:56,1,0,5
BRDA:56,1,1,4
BRDA:57,2,0,5
BRDA:57,2,1,1
BRDA:61,3,0,5
BRDA:61,3,1,5
BRDA:61,3,2,5
BRDA:69,4,0,3
BRDA:69,4,1,2
BRDA:71,5,0,3
BRDA:71,5,1,3
BRDA:73,6,0,3
BRDA:73,6,1,3
BRDA:103,7,0,0
BRDA:103,7,1,5
BRDA:119,8,0,0
BRDA:119,8,1,5
BRDA:130,9,0,5
BRDA:130,9,1,0
BRDA:143,10,0,1
BRDA:143,10,1,4
BRDA:169,11,0,5
BRDA:169,11,1,28
BRDA:170,12,0,33
BRDA:170,12,1,28
BRDA:170,12,2,28
BRDA:170,12,3,28
BRDA:170,12,4,28
BRDA:180,13,0,0
BRDA:180,13,1,28
BRDA:200,14,0,1
BRDA:200,14,1,4
BRDA:209,15,0,0
BRDA:209,15,1,5
BRDA:231,16,0,5
BRDA:231,16,1,0
BRDA:244,17,0,5
BRDA:244,17,1,5
BRDA:250,18,0,0
BRDA:250,18,1,0
BRDA:262,19,0,0
BRDA:262,19,1,0
BRDA:270,20,0,0
BRDA:270,20,1,0
BRDA:280,21,0,0
BRDA:280,21,1,0
BRDA:280,21,2,0
BRDA:299,22,0,0
BRDA:299,22,1,0
BRDA:318,23,0,0
BRDA:318,23,1,5
BRDA:328,24,0,5
BRDA:328,24,1,0
BRDA:331,25,0,5
BRDA:331,25,1,0
BRDA:334,26,0,5
BRDA:334,26,1,0
BRDA:335,27,0,5
BRDA:335,27,1,5
BRDA:358,28,0,0
BRDA:358,28,1,5
BRDA:373,29,0,0
BRDA:373,29,1,10
BRDA:381,30,0,4
BRDA:381,30,1,1
BRDA:382,31,0,0
BRDA:382,31,1,1
BRDA:393,32,0,0
BRDA:393,32,1,0
BRDA:407,33,0,0
BRDA:407,33,1,0
BRDA:409,34,0,0
BRDA:409,34,1,0
BRDA:412,35,0,0
BRDA:412,35,1,0
BRDA:417,36,0,0
BRDA:417,36,1,0
BRDA:421,37,0,0
BRDA:421,37,1,0
BRDA:422,38,0,0
BRDA:422,38,1,0
BRDA:427,39,0,0
BRDA:427,39,1,0
BRDA:428,40,0,0
BRDA:428,40,1,0
BRDA:433,41,0,0
BRDA:433,41,1,0
BRDA:442,42,0,0
BRDA:442,42,1,0
BRDA:448,43,0,5
BRDA:449,44,0,5
BRDA:451,45,0,0
BRDA:451,45,1,5
BRDA:456,46,0,0
BRDA:456,46,1,5
BRDA:488,47,0,0
BRDA:488,47,1,0
BRDA:490,48,0,0
BRDA:490,48,1,0
BRDA:498,49,0,0
BRDA:498,49,1,0
BRDA:498,50,0,0
BRDA:498,50,1,0
BRDA:518,51,0,0
BRDA:518,51,1,0
BRF:108
BRH:50
end_of_record
TN:
SF:src/migration.ts
FN:40,(anonymous_1)
FN:69,(anonymous_2)
FN:76,(anonymous_3)
FN:87,(anonymous_4)
FN:104,(anonymous_5)
FN:108,(anonymous_6)
FN:113,(anonymous_7)
FN:122,(anonymous_8)
FN:128,(anonymous_9)
FNF:9
FNH:0
FNDA:0,(anonymous_1)
FNDA:0,(anonymous_2)
FNDA:0,(anonymous_3)
FNDA:0,(anonymous_4)
FNDA:0,(anonymous_5)
FNDA:0,(anonymous_6)
FNDA:0,(anonymous_7)
FNDA:0,(anonymous_8)
FNDA:0,(anonymous_9)
DA:1,0
DA:2,0
DA:3,0
DA:29,0
DA:30,0
DA:32,0
DA:37,0
DA:40,0
DA:41,0
DA:43,0
DA:45,0
DA:46,0
DA:47,0
DA:50,0
DA:51,0
DA:53,0
DA:54,0
DA:58,0
DA:61,0
DA:63,0
DA:65,0
DA:69,0
DA:70,0
DA:76,0
DA:77,0
DA:78,0
DA:80,0
DA:81,0
DA:84,0
DA:86,0
DA:87,0
DA:88,0
DA:89,0
DA:91,0
DA:104,0
DA:105,0
DA:108,0
DA:109,0
DA:110,0
DA:113,0
DA:114,0
DA:119,0
DA:122,0
DA:123,0
DA:124,0
DA:125,0
DA:128,0
DA:129,0
DA:130,0
DA:131,0
DA:135,0
DA:136,0
DA:143,0
DA:144,0
DA:146,0
DA:147,0
LF:56
LH:0
BRDA:45,0,0,0
BRDA:45,0,1,0
BRDA:53,1,0,0
BRDA:53,1,1,0
BRDA:80,2,0,0
BRDA:80,2,1,0
BRDA:115,3,0,0
BRDA:115,3,1,0
BRDA:135,4,0,0
BRDA:135,4,1,0
BRDA:147,5,0,0
BRDA:147,5,1,0
BRF:12
BRH:0
end_of_record
TN:
SF:src/ssl-versions.ts
FNF:0
FNH:0
DA:1,1
LF:1
LH:1
BRF:0
BRH:0
end_of_record
TN:
SF:src/utils/CreateDirectory.ts
FN:4,(anonymous_1)
FNF:1
FNH:0
FNDA:0,(anonymous_1)
DA:1,1
DA:2,1
DA:4,1
DA:5,0
DA:6,0
DA:8,0
DA:9,0
DA:13,0
DA:16,0
DA:18,0
DA:19,0
DA:25,1
LF:12
LH:4
BRDA:8,0,0,0
BRDA:8,0,1,0
BRDA:20,1,0,0
BRDA:20,1,1,0
BRF:4
BRH:0
end_of_record
